<testsuites id="" name="" tests="5" failures="0" skipped="0" errors="0" time="15.199241999999998">
<testsuite name="routing.spec.ts" timestamp="2024-01-10T18:09:14.166Z" hostname="web_chromium" tests="5" failures="0" skipped="0" time="40.241" errors="0">
<testcase name="Routing › should allow me to display active items" classname="routing.spec.ts" time="9.662">
</testcase>
<testcase name="Routing › should respect the back button" classname="routing.spec.ts" time="9.693">
</testcase>
<testcase name="Routing › should allow me to display completed items" classname="routing.spec.ts" time="9.531">
</testcase>
<testcase name="Routing › should allow me to display all items" classname="routing.spec.ts" time="9.731">
</testcase>
<testcase name="Routing › should highlight the currently applied filter" classname="routing.spec.ts" time="1.624">
</testcase>
</testsuite>
</testsuites>